<?xml version="1.0" encoding="UTF-8"?>
<coverage generated="1512334525408" clover="3.2.0">
  <project timestamp="1512334525409" name="All files">
    <metrics statements="137" coveredstatements="109" conditionals="82" coveredconditionals="70" methods="25" coveredmethods="13" elements="244" coveredelements="192" complexity="0" loc="137" ncloc="137" packages="2" files="3" classes="3">
      <package name="Test">
        <metrics statements="9" coveredstatements="9" conditionals="0" coveredconditionals="0" methods="0" coveredmethods="0"/>
        <file name="data.js" path="/home/mirko/Scrivania/Uniroom/DarkPovoGang/Test/data.js">
          <metrics statements="9" coveredstatements="9" conditionals="0" coveredconditionals="0" methods="0" coveredmethods="0"/>
          <line num="1" count="1" type="stmt"/>
          <line num="4" count="1" type="stmt"/>
          <line num="7" count="1" type="stmt"/>
          <line num="11" count="1" type="stmt"/>
          <line num="13" count="1" type="stmt"/>
          <line num="16" count="1" type="stmt"/>
          <line num="19" count="1" type="stmt"/>
          <line num="21" count="1" type="stmt"/>
          <line num="23" count="1" type="stmt"/>
        </file>
      </package>
      <package name="server">
        <metrics statements="128" coveredstatements="100" conditionals="82" coveredconditionals="70" methods="25" coveredmethods="13"/>
        <file name="data.js" path="/home/mirko/Scrivania/Uniroom/DarkPovoGang/server/data.js">
          <metrics statements="3" coveredstatements="3" conditionals="0" coveredconditionals="0" methods="0" coveredmethods="0"/>
          <line num="1" count="1" type="stmt"/>
          <line num="11" count="1" type="stmt"/>
          <line num="21" count="1" type="stmt"/>
        </file>
        <file name="utilities.js" path="/home/mirko/Scrivania/Uniroom/DarkPovoGang/server/utilities.js">
          <metrics statements="125" coveredstatements="97" conditionals="82" coveredconditionals="70" methods="25" coveredmethods="13"/>
          <line num="1" count="1" type="stmt"/>
          <line num="2" count="1" type="stmt"/>
          <line num="3" count="1" type="stmt"/>
          <line num="6" count="5" type="cond" truecount="2" falsecount="0"/>
          <line num="7" count="1" type="stmt"/>
          <line num="9" count="4" type="cond" truecount="2" falsecount="0"/>
          <line num="10" count="1" type="stmt"/>
          <line num="12" count="3" type="stmt"/>
          <line num="14" count="27" type="cond" truecount="2" falsecount="0"/>
          <line num="15" count="1" type="stmt"/>
          <line num="17" count="2" type="stmt"/>
          <line num="22" count="4" type="cond" truecount="2" falsecount="0"/>
          <line num="23" count="1" type="stmt"/>
          <line num="25" count="3" type="cond" truecount="2" falsecount="0"/>
          <line num="26" count="1" type="stmt"/>
          <line num="28" count="2" type="stmt"/>
          <line num="29" count="2" type="stmt"/>
          <line num="30" count="135" type="stmt"/>
          <line num="40" count="135" type="stmt"/>
          <line num="41" count="135" type="stmt"/>
          <line num="42" count="4779" type="cond" truecount="2" falsecount="0"/>
          <line num="43" count="91" type="stmt"/>
          <line num="47" count="135" type="cond" truecount="2" falsecount="0"/>
          <line num="48" count="91" type="stmt"/>
          <line num="55" count="91" type="stmt"/>
          <line num="56" count="91" type="stmt"/>
          <line num="58" count="44" type="stmt"/>
          <line num="62" count="2" type="stmt"/>
          <line num="69" count="4" type="cond" truecount="2" falsecount="0"/>
          <line num="70" count="1" type="stmt"/>
          <line num="72" count="3" type="cond" truecount="2" falsecount="0"/>
          <line num="73" count="1" type="stmt"/>
          <line num="75" count="2" type="stmt"/>
          <line num="76" count="44" type="stmt"/>
          <line num="77" count="91" type="cond" truecount="2" falsecount="0"/>
          <line num="78" count="62" type="stmt"/>
          <line num="79" count="62" type="stmt"/>
          <line num="80" count="62" type="stmt"/>
          <line num="81" count="62" type="stmt"/>
          <line num="85" count="2" type="stmt"/>
          <line num="90" count="6" type="cond" truecount="2" falsecount="0"/>
          <line num="91" count="1" type="stmt"/>
          <line num="93" count="5" type="cond" truecount="4" falsecount="0"/>
          <line num="94" count="2" type="stmt"/>
          <line num="96" count="3" type="cond" truecount="2" falsecount="0"/>
          <line num="97" count="1" type="stmt"/>
          <line num="100" count="2" type="cond" truecount="2" falsecount="0"/>
          <line num="101" count="1" type="stmt"/>
          <line num="103" count="2" type="stmt"/>
          <line num="104" count="44" type="cond" truecount="5" falsecount="0"/>
          <line num="105" count="4" type="stmt"/>
          <line num="106" count="4" type="stmt"/>
          <line num="110" count="40" type="cond" truecount="4" falsecount="1"/>
          <line num="111" count="40" type="stmt"/>
          <line num="112" count="44" type="cond" truecount="4" falsecount="0"/>
          <line num="113" count="35" type="stmt"/>
          <line num="114" count="35" type="stmt"/>
          <line num="115" count="35" type="stmt"/>
          <line num="120" count="2" type="stmt"/>
          <line num="125" count="5" type="cond" truecount="2" falsecount="0"/>
          <line num="126" count="1" type="stmt"/>
          <line num="128" count="4" type="cond" truecount="4" falsecount="0"/>
          <line num="129" count="2" type="stmt"/>
          <line num="131" count="2" type="cond" truecount="2" falsecount="0"/>
          <line num="132" count="1" type="stmt"/>
          <line num="134" count="1" type="stmt"/>
          <line num="135" count="5" type="stmt"/>
          <line num="136" count="9" type="cond" truecount="2" falsecount="0"/>
          <line num="137" count="8" type="stmt"/>
          <line num="138" count="8" type="stmt"/>
          <line num="142" count="1" type="cond" truecount="1" falsecount="1"/>
          <line num="149" count="4" type="cond" truecount="2" falsecount="0"/>
          <line num="150" count="1" type="stmt"/>
          <line num="152" count="3" type="stmt"/>
          <line num="154" count="2" type="stmt"/>
          <line num="157" count="1" type="stmt"/>
          <line num="158" count="1" type="stmt"/>
          <line num="161" count="1" type="stmt"/>
          <line num="162" count="1" type="stmt"/>
          <line num="163" count="8" type="stmt"/>
          <line num="164" count="303" type="stmt"/>
          <line num="167" count="1" type="stmt"/>
          <line num="170" count="1" type="stmt"/>
          <line num="177" count="4" type="cond" truecount="4" falsecount="0"/>
          <line num="178" count="1" type="stmt"/>
          <line num="180" count="3" type="cond" truecount="2" falsecount="0"/>
          <line num="181" count="1" type="stmt"/>
          <line num="184" count="2" type="stmt"/>
          <line num="185" count="121" type="cond" truecount="2" falsecount="0"/>
          <line num="186" count="3" type="cond" truecount="2" falsecount="0"/>
          <line num="187" count="1" type="cond" truecount="1" falsecount="1"/>
          <line num="188" count="1" type="stmt"/>
          <line num="201" count="0" type="stmt"/>
          <line num="215" count="2" type="cond" truecount="1" falsecount="1"/>
          <line num="216" count="2" type="stmt"/>
          <line num="226" count="0" type="stmt"/>
          <line num="235" count="2" type="stmt"/>
          <line num="239" count="2" type="cond" truecount="2" falsecount="0"/>
          <line num="243" count="0" type="stmt"/>
          <line num="245" count="0" type="stmt"/>
          <line num="247" count="0" type="stmt"/>
          <line num="248" count="0" type="stmt"/>
          <line num="250" count="0" type="stmt"/>
          <line num="253" count="0" type="stmt"/>
          <line num="255" count="0" type="stmt"/>
          <line num="258" count="0" type="stmt"/>
          <line num="260" count="0" type="stmt"/>
          <line num="262" count="0" type="stmt"/>
          <line num="265" count="0" type="stmt"/>
          <line num="269" count="0" type="stmt"/>
          <line num="275" count="0" type="stmt"/>
          <line num="276" count="0" type="cond" truecount="0" falsecount="2"/>
          <line num="277" count="0" type="stmt"/>
          <line num="279" count="0" type="stmt"/>
          <line num="280" count="0" type="stmt"/>
          <line num="281" count="0" type="stmt"/>
          <line num="283" count="0" type="cond" truecount="0" falsecount="2"/>
          <line num="284" count="0" type="stmt"/>
          <line num="289" count="0" type="cond" truecount="0" falsecount="2"/>
          <line num="293" count="0" type="stmt"/>
          <line num="298" count="0" type="stmt"/>
          <line num="299" count="0" type="stmt"/>
          <line num="300" count="0" type="cond" truecount="0" falsecount="2"/>
          <line num="301" count="0" type="stmt"/>
          <line num="304" count="1" type="stmt"/>
        </file>
      </package>
    </metrics>
  </project>
</coverage>
