{"/home/mirko/Scrivania/Uniroom/DarkPovoGang/Test/data.js": {"path":"/home/mirko/Scrivania/Uniroom/DarkPovoGang/Test/data.js","statementMap":{"0":{"start":{"line":1,"column":14},"end":{"line":1,"column":18060}},"1":{"start":{"line":4,"column":12},"end":{"line":4,"column":672150}},"2":{"start":{"line":7,"column":24},"end":{"line":7,"column":10816}},"3":{"start":{"line":11,"column":18},"end":{"line":11,"column":1344}},"4":{"start":{"line":13,"column":31},"end":{"line":13,"column":425}},"5":{"start":{"line":16,"column":17},"end":{"line":16,"column":5105}},"6":{"start":{"line":19,"column":15},"end":{"line":19,"column":75367}},"7":{"start":{"line":21,"column":21},"end":{"line":21,"column":611}},"8":{"start":{"line":23,"column":0},"end":{"line":23,"column":114}}},"fnMap":{},"branchMap":{},"s":{"0":1,"1":1,"2":1,"3":1,"4":1,"5":1,"6":1,"7":1,"8":1},"f":{},"b":{},"_coverageSchema":"332fd63041d2c1bcb487cc26dd0d5f7d97098a6c","hash":"d8e3bf0d145d77aa90510a99080cd196a71b5968"}
,"/home/mirko/Scrivania/Uniroom/DarkPovoGang/server/data.js": {"path":"/home/mirko/Scrivania/Uniroom/DarkPovoGang/server/data.js","statementMap":{"0":{"start":{"line":1,"column":19},"end":{"line":9,"column":17}},"1":{"start":{"line":11,"column":22},"end":{"line":19,"column":1}},"2":{"start":{"line":21,"column":0},"end":{"line":21,"column":50}}},"fnMap":{},"branchMap":{},"s":{"0":1,"1":1,"2":1},"f":{},"b":{},"_coverageSchema":"332fd63041d2c1bcb487cc26dd0d5f7d97098a6c","hash":"22b27476c174664400a760b34f933e48e2ffe5b8"}
,"/home/mirko/Scrivania/Uniroom/DarkPovoGang/server/utilities.js": {"path":"/home/mirko/Scrivania/Uniroom/DarkPovoGang/server/utilities.js","statementMap":{"0":{"start":{"line":1,"column":14},"end":{"line":1,"column":35}},"1":{"start":{"line":2,"column":15},"end":{"line":2,"column":32}},"2":{"start":{"line":3,"column":19},"end":{"line":3,"column":36}},"3":{"start":{"line":6,"column":4},"end":{"line":8,"column":5}},"4":{"start":{"line":7,"column":8},"end":{"line":7,"column":49}},"5":{"start":{"line":9,"column":4},"end":{"line":11,"column":5}},"6":{"start":{"line":10,"column":8},"end":{"line":10,"column":60}},"7":{"start":{"line":12,"column":4},"end":{"line":16,"column":5}},"8":{"start":{"line":14,"column":8},"end":{"line":15,"column":24}},"9":{"start":{"line":15,"column":12},"end":{"line":15,"column":24}},"10":{"start":{"line":17,"column":4},"end":{"line":17,"column":17}},"11":{"start":{"line":22,"column":4},"end":{"line":24,"column":5}},"12":{"start":{"line":23,"column":8},"end":{"line":23,"column":49}},"13":{"start":{"line":25,"column":4},"end":{"line":27,"column":5}},"14":{"start":{"line":26,"column":8},"end":{"line":26,"column":60}},"15":{"start":{"line":28,"column":16},"end":{"line":28,"column":18}},"16":{"start":{"line":29,"column":4},"end":{"line":61,"column":5}},"17":{"start":{"line":30,"column":19},"end":{"line":39,"column":21}},"18":{"start":{"line":40,"column":17},"end":{"line":40,"column":19}},"19":{"start":{"line":41,"column":8},"end":{"line":45,"column":9}},"20":{"start":{"line":42,"column":12},"end":{"line":44,"column":13}},"21":{"start":{"line":43,"column":16},"end":{"line":43,"column":23}},"22":{"start":{"line":47,"column":8},"end":{"line":59,"column":9}},"23":{"start":{"line":48,"column":28},"end":{"line":54,"column":13}},"24":{"start":{"line":55,"column":12},"end":{"line":55,"column":45}},"25":{"start":{"line":56,"column":12},"end":{"line":56,"column":20}},"26":{"start":{"line":58,"column":12},"end":{"line":58,"column":29}},"27":{"start":{"line":62,"column":4},"end":{"line":62,"column":17}},"28":{"start":{"line":69,"column":4},"end":{"line":71,"column":5}},"29":{"start":{"line":70,"column":8},"end":{"line":70,"column":49}},"30":{"start":{"line":72,"column":4},"end":{"line":74,"column":5}},"31":{"start":{"line":73,"column":8},"end":{"line":73,"column":60}},"32":{"start":{"line":75,"column":4},"end":{"line":84,"column":5}},"33":{"start":{"line":76,"column":8},"end":{"line":83,"column":9}},"34":{"start":{"line":77,"column":12},"end":{"line":82,"column":13}},"35":{"start":{"line":78,"column":16},"end":{"line":78,"column":66}},"36":{"start":{"line":79,"column":16},"end":{"line":79,"column":86}},"37":{"start":{"line":80,"column":16},"end":{"line":80,"column":49}},"38":{"start":{"line":81,"column":16},"end":{"line":81,"column":20}},"39":{"start":{"line":85,"column":4},"end":{"line":85,"column":17}},"40":{"start":{"line":90,"column":4},"end":{"line":92,"column":5}},"41":{"start":{"line":91,"column":8},"end":{"line":91,"column":48}},"42":{"start":{"line":93,"column":4},"end":{"line":95,"column":5}},"43":{"start":{"line":94,"column":8},"end":{"line":94,"column":54}},"44":{"start":{"line":96,"column":4},"end":{"line":98,"column":5}},"45":{"start":{"line":97,"column":8},"end":{"line":97,"column":63}},"46":{"start":{"line":100,"column":4},"end":{"line":102,"column":5}},"47":{"start":{"line":101,"column":8},"end":{"line":101,"column":66}},"48":{"start":{"line":103,"column":4},"end":{"line":119,"column":5}},"49":{"start":{"line":104,"column":2},"end":{"line":118,"column":9}},"50":{"start":{"line":105,"column":3},"end":{"line":105,"column":21}},"51":{"start":{"line":106,"column":3},"end":{"line":106,"column":7}},"52":{"start":{"line":110,"column":13},"end":{"line":118,"column":9}},"53":{"start":{"line":111,"column":12},"end":{"line":117,"column":13}},"54":{"start":{"line":112,"column":16},"end":{"line":116,"column":17}},"55":{"start":{"line":113,"column":20},"end":{"line":113,"column":39}},"56":{"start":{"line":114,"column":20},"end":{"line":114,"column":24}},"57":{"start":{"line":115,"column":20},"end":{"line":115,"column":26}},"58":{"start":{"line":120,"column":4},"end":{"line":120,"column":17}},"59":{"start":{"line":125,"column":4},"end":{"line":127,"column":5}},"60":{"start":{"line":126,"column":8},"end":{"line":126,"column":48}},"61":{"start":{"line":128,"column":4},"end":{"line":130,"column":5}},"62":{"start":{"line":129,"column":8},"end":{"line":129,"column":54}},"63":{"start":{"line":131,"column":4},"end":{"line":133,"column":5}},"64":{"start":{"line":132,"column":8},"end":{"line":132,"column":63}},"65":{"start":{"line":134,"column":4},"end":{"line":141,"column":5}},"66":{"start":{"line":135,"column":8},"end":{"line":140,"column":9}},"67":{"start":{"line":136,"column":12},"end":{"line":139,"column":13}},"68":{"start":{"line":137,"column":16},"end":{"line":137,"column":44}},"69":{"start":{"line":138,"column":16},"end":{"line":138,"column":20}},"70":{"start":{"line":142,"column":4},"end":{"line":142,"column":78}},"71":{"start":{"line":149,"column":4},"end":{"line":151,"column":5}},"72":{"start":{"line":150,"column":8},"end":{"line":150,"column":49}},"73":{"start":{"line":152,"column":4},"end":{"line":171,"column":11}},"74":{"start":{"line":154,"column":12},"end":{"line":154,"column":34}},"75":{"start":{"line":157,"column":28},"end":{"line":157,"column":43}},"76":{"start":{"line":158,"column":12},"end":{"line":158,"column":29}},"77":{"start":{"line":161,"column":25},"end":{"line":161,"column":27}},"78":{"start":{"line":162,"column":12},"end":{"line":166,"column":15}},"79":{"start":{"line":163,"column":16},"end":{"line":165,"column":19}},"80":{"start":{"line":164,"column":20},"end":{"line":164,"column":88}},"81":{"start":{"line":167,"column":12},"end":{"line":167,"column":26}},"82":{"start":{"line":170,"column":12},"end":{"line":170,"column":31}},"83":{"start":{"line":177,"column":4},"end":{"line":179,"column":5}},"84":{"start":{"line":178,"column":8},"end":{"line":178,"column":49}},"85":{"start":{"line":180,"column":4},"end":{"line":182,"column":5}},"86":{"start":{"line":181,"column":8},"end":{"line":181,"column":54}},"87":{"start":{"line":184,"column":4},"end":{"line":238,"column":5}},"88":{"start":{"line":185,"column":8},"end":{"line":237,"column":9}},"89":{"start":{"line":186,"column":12},"end":{"line":236,"column":13}},"90":{"start":{"line":187,"column":16},"end":{"line":212,"column":17}},"91":{"start":{"line":188,"column":20},"end":{"line":199,"column":22}},"92":{"start":{"line":201,"column":20},"end":{"line":211,"column":22}},"93":{"start":{"line":215,"column":16},"end":{"line":234,"column":17}},"94":{"start":{"line":216,"column":20},"end":{"line":224,"column":22}},"95":{"start":{"line":226,"column":20},"end":{"line":233,"column":22}},"96":{"start":{"line":235,"column":16},"end":{"line":235,"column":43}},"97":{"start":{"line":239,"column":4},"end":{"line":239,"column":69}},"98":{"start":{"line":243,"column":19},"end":{"line":243,"column":36}},"99":{"start":{"line":245,"column":14},"end":{"line":245,"column":145}},"100":{"start":{"line":247,"column":4},"end":{"line":271,"column":6}},"101":{"start":{"line":248,"column":8},"end":{"line":270,"column":11}},"102":{"start":{"line":250,"column":12},"end":{"line":250,"column":38}},"103":{"start":{"line":253,"column":12},"end":{"line":266,"column":14}},"104":{"start":{"line":255,"column":16},"end":{"line":255,"column":35}},"105":{"start":{"line":258,"column":29},"end":{"line":258,"column":40}},"106":{"start":{"line":260,"column":28},"end":{"line":260,"column":55}},"107":{"start":{"line":262,"column":16},"end":{"line":262,"column":30}},"108":{"start":{"line":265,"column":16},"end":{"line":265,"column":35}},"109":{"start":{"line":269,"column":12},"end":{"line":269,"column":31}},"110":{"start":{"line":275,"column":14},"end":{"line":275,"column":16}},"111":{"start":{"line":276,"column":4},"end":{"line":287,"column":5}},"112":{"start":{"line":277,"column":8},"end":{"line":277,"column":37}},"113":{"start":{"line":279,"column":8},"end":{"line":286,"column":11}},"114":{"start":{"line":280,"column":38},"end":{"line":280,"column":67}},"115":{"start":{"line":281,"column":37},"end":{"line":281,"column":75}},"116":{"start":{"line":283,"column":12},"end":{"line":285,"column":13}},"117":{"start":{"line":284,"column":16},"end":{"line":284,"column":31}},"118":{"start":{"line":289,"column":4},"end":{"line":289,"column":86}},"119":{"start":{"line":293,"column":4},"end":{"line":293,"column":72}},"120":{"start":{"line":298,"column":4},"end":{"line":298,"column":20}},"121":{"start":{"line":299,"column":14},"end":{"line":299,"column":24}},"122":{"start":{"line":300,"column":15},"end":{"line":300,"column":52}},"123":{"start":{"line":301,"column":4},"end":{"line":301,"column":37}},"124":{"start":{"line":304,"column":0},"end":{"line":307,"column":33}}},"fnMap":{"0":{"name":"inArray","decl":{"start":{"line":5,"column":9},"end":{"line":5,"column":16}},"loc":{"start":{"line":5,"column":22},"end":{"line":18,"column":1}},"line":5},"1":{"name":"getRoomList","decl":{"start":{"line":21,"column":9},"end":{"line":21,"column":20}},"loc":{"start":{"line":21,"column":29},"end":{"line":63,"column":1}},"line":21},"2":{"name":"cleanSchedule","decl":{"start":{"line":68,"column":9},"end":{"line":68,"column":22}},"loc":{"start":{"line":68,"column":30},"end":{"line":86,"column":1}},"line":68},"3":{"name":"getFreeRooms","decl":{"start":{"line":89,"column":9},"end":{"line":89,"column":21}},"loc":{"start":{"line":89,"column":40},"end":{"line":121,"column":1}},"line":89},"4":{"name":"cleanPastSchedule","decl":{"start":{"line":124,"column":9},"end":{"line":124,"column":26}},"loc":{"start":{"line":124,"column":45},"end":{"line":143,"column":1}},"line":124},"5":{"name":"idRoomCode","decl":{"start":{"line":148,"column":9},"end":{"line":148,"column":19}},"loc":{"start":{"line":148,"column":25},"end":{"line":172,"column":1}},"line":148},"6":{"name":"(anonymous_6)","decl":{"start":{"line":153,"column":14},"end":{"line":153,"column":15}},"loc":{"start":{"line":153,"column":26},"end":{"line":155,"column":9}},"line":153},"7":{"name":"(anonymous_7)","decl":{"start":{"line":156,"column":14},"end":{"line":156,"column":15}},"loc":{"start":{"line":156,"column":22},"end":{"line":159,"column":9}},"line":156},"8":{"name":"(anonymous_8)","decl":{"start":{"line":160,"column":14},"end":{"line":160,"column":15}},"loc":{"start":{"line":160,"column":27},"end":{"line":168,"column":9}},"line":160},"9":{"name":"(anonymous_9)","decl":{"start":{"line":162,"column":39},"end":{"line":162,"column":40}},"loc":{"start":{"line":162,"column":47},"end":{"line":166,"column":13}},"line":162},"10":{"name":"(anonymous_10)","decl":{"start":{"line":163,"column":49},"end":{"line":163,"column":50}},"loc":{"start":{"line":163,"column":57},"end":{"line":165,"column":17}},"line":163},"11":{"name":"(anonymous_11)","decl":{"start":{"line":169,"column":15},"end":{"line":169,"column":16}},"loc":{"start":{"line":169,"column":24},"end":{"line":171,"column":9}},"line":169},"12":{"name":"getRoomSchedule","decl":{"start":{"line":176,"column":9},"end":{"line":176,"column":24}},"loc":{"start":{"line":176,"column":41},"end":{"line":240,"column":1}},"line":176},"13":{"name":"getDaySchedule","decl":{"start":{"line":242,"column":9},"end":{"line":242,"column":23}},"loc":{"start":{"line":242,"column":54},"end":{"line":272,"column":1}},"line":242},"14":{"name":"(anonymous_14)","decl":{"start":{"line":247,"column":23},"end":{"line":247,"column":24}},"loc":{"start":{"line":247,"column":44},"end":{"line":271,"column":5}},"line":247},"15":{"name":"(anonymous_15)","decl":{"start":{"line":249,"column":14},"end":{"line":249,"column":15}},"loc":{"start":{"line":249,"column":26},"end":{"line":251,"column":9}},"line":249},"16":{"name":"(anonymous_16)","decl":{"start":{"line":252,"column":14},"end":{"line":252,"column":15}},"loc":{"start":{"line":252,"column":20},"end":{"line":267,"column":9}},"line":252},"17":{"name":"(anonymous_17)","decl":{"start":{"line":254,"column":18},"end":{"line":254,"column":19}},"loc":{"start":{"line":254,"column":26},"end":{"line":256,"column":13}},"line":254},"18":{"name":"(anonymous_18)","decl":{"start":{"line":257,"column":18},"end":{"line":257,"column":19}},"loc":{"start":{"line":257,"column":26},"end":{"line":263,"column":13}},"line":257},"19":{"name":"(anonymous_19)","decl":{"start":{"line":264,"column":19},"end":{"line":264,"column":20}},"loc":{"start":{"line":264,"column":28},"end":{"line":266,"column":13}},"line":264},"20":{"name":"(anonymous_20)","decl":{"start":{"line":268,"column":15},"end":{"line":268,"column":16}},"loc":{"start":{"line":268,"column":24},"end":{"line":270,"column":9}},"line":268},"21":{"name":"getFreeRooms4xHours","decl":{"start":{"line":274,"column":9},"end":{"line":274,"column":28}},"loc":{"start":{"line":274,"column":61},"end":{"line":290,"column":1}},"line":274},"22":{"name":"(anonymous_22)","decl":{"start":{"line":279,"column":18},"end":{"line":279,"column":19}},"loc":{"start":{"line":279,"column":26},"end":{"line":286,"column":9}},"line":279},"23":{"name":"getNearestLocation","decl":{"start":{"line":292,"column":9},"end":{"line":292,"column":27}},"loc":{"start":{"line":292,"column":39},"end":{"line":294,"column":1}},"line":292},"24":{"name":"getMonday","decl":{"start":{"line":297,"column":9},"end":{"line":297,"column":18}},"loc":{"start":{"line":297,"column":22},"end":{"line":302,"column":1}},"line":297}},"branchMap":{"0":{"loc":{"start":{"line":6,"column":4},"end":{"line":8,"column":5}},"type":"if","locations":[{"start":{"line":6,"column":4},"end":{"line":8,"column":5}},{"start":{"line":6,"column":4},"end":{"line":8,"column":5}}],"line":6},"1":{"loc":{"start":{"line":9,"column":4},"end":{"line":11,"column":5}},"type":"if","locations":[{"start":{"line":9,"column":4},"end":{"line":11,"column":5}},{"start":{"line":9,"column":4},"end":{"line":11,"column":5}}],"line":9},"2":{"loc":{"start":{"line":14,"column":8},"end":{"line":15,"column":24}},"type":"if","locations":[{"start":{"line":14,"column":8},"end":{"line":15,"column":24}},{"start":{"line":14,"column":8},"end":{"line":15,"column":24}}],"line":14},"3":{"loc":{"start":{"line":22,"column":4},"end":{"line":24,"column":5}},"type":"if","locations":[{"start":{"line":22,"column":4},"end":{"line":24,"column":5}},{"start":{"line":22,"column":4},"end":{"line":24,"column":5}}],"line":22},"4":{"loc":{"start":{"line":25,"column":4},"end":{"line":27,"column":5}},"type":"if","locations":[{"start":{"line":25,"column":4},"end":{"line":27,"column":5}},{"start":{"line":25,"column":4},"end":{"line":27,"column":5}}],"line":25},"5":{"loc":{"start":{"line":42,"column":12},"end":{"line":44,"column":13}},"type":"if","locations":[{"start":{"line":42,"column":12},"end":{"line":44,"column":13}},{"start":{"line":42,"column":12},"end":{"line":44,"column":13}}],"line":42},"6":{"loc":{"start":{"line":47,"column":8},"end":{"line":59,"column":9}},"type":"if","locations":[{"start":{"line":47,"column":8},"end":{"line":59,"column":9}},{"start":{"line":47,"column":8},"end":{"line":59,"column":9}}],"line":47},"7":{"loc":{"start":{"line":69,"column":4},"end":{"line":71,"column":5}},"type":"if","locations":[{"start":{"line":69,"column":4},"end":{"line":71,"column":5}},{"start":{"line":69,"column":4},"end":{"line":71,"column":5}}],"line":69},"8":{"loc":{"start":{"line":72,"column":4},"end":{"line":74,"column":5}},"type":"if","locations":[{"start":{"line":72,"column":4},"end":{"line":74,"column":5}},{"start":{"line":72,"column":4},"end":{"line":74,"column":5}}],"line":72},"9":{"loc":{"start":{"line":77,"column":12},"end":{"line":82,"column":13}},"type":"if","locations":[{"start":{"line":77,"column":12},"end":{"line":82,"column":13}},{"start":{"line":77,"column":12},"end":{"line":82,"column":13}}],"line":77},"10":{"loc":{"start":{"line":90,"column":4},"end":{"line":92,"column":5}},"type":"if","locations":[{"start":{"line":90,"column":4},"end":{"line":92,"column":5}},{"start":{"line":90,"column":4},"end":{"line":92,"column":5}}],"line":90},"11":{"loc":{"start":{"line":93,"column":4},"end":{"line":95,"column":5}},"type":"if","locations":[{"start":{"line":93,"column":4},"end":{"line":95,"column":5}},{"start":{"line":93,"column":4},"end":{"line":95,"column":5}}],"line":93},"12":{"loc":{"start":{"line":93,"column":7},"end":{"line":93,"column":63}},"type":"binary-expr","locations":[{"start":{"line":93,"column":7},"end":{"line":93,"column":31}},{"start":{"line":93,"column":35},"end":{"line":93,"column":63}}],"line":93},"13":{"loc":{"start":{"line":96,"column":4},"end":{"line":98,"column":5}},"type":"if","locations":[{"start":{"line":96,"column":4},"end":{"line":98,"column":5}},{"start":{"line":96,"column":4},"end":{"line":98,"column":5}}],"line":96},"14":{"loc":{"start":{"line":100,"column":4},"end":{"line":102,"column":5}},"type":"if","locations":[{"start":{"line":100,"column":4},"end":{"line":102,"column":5}},{"start":{"line":100,"column":4},"end":{"line":102,"column":5}}],"line":100},"15":{"loc":{"start":{"line":104,"column":2},"end":{"line":118,"column":9}},"type":"if","locations":[{"start":{"line":104,"column":2},"end":{"line":118,"column":9}},{"start":{"line":104,"column":2},"end":{"line":118,"column":9}}],"line":104},"16":{"loc":{"start":{"line":104,"column":5},"end":{"line":104,"column":130}},"type":"binary-expr","locations":[{"start":{"line":104,"column":5},"end":{"line":104,"column":44}},{"start":{"line":104,"column":48},"end":{"line":104,"column":87}},{"start":{"line":104,"column":91},"end":{"line":104,"column":130}}],"line":104},"17":{"loc":{"start":{"line":110,"column":13},"end":{"line":118,"column":9}},"type":"if","locations":[{"start":{"line":110,"column":13},"end":{"line":118,"column":9}},{"start":{"line":110,"column":13},"end":{"line":118,"column":9}}],"line":110},"18":{"loc":{"start":{"line":110,"column":16},"end":{"line":110,"column":122}},"type":"binary-expr","locations":[{"start":{"line":110,"column":16},"end":{"line":110,"column":42}},{"start":{"line":110,"column":47},"end":{"line":110,"column":91}},{"start":{"line":110,"column":95},"end":{"line":110,"column":121}}],"line":110},"19":{"loc":{"start":{"line":112,"column":16},"end":{"line":116,"column":17}},"type":"if","locations":[{"start":{"line":112,"column":16},"end":{"line":116,"column":17}},{"start":{"line":112,"column":16},"end":{"line":116,"column":17}}],"line":112},"20":{"loc":{"start":{"line":112,"column":19},"end":{"line":112,"column":111}},"type":"binary-expr","locations":[{"start":{"line":112,"column":19},"end":{"line":112,"column":64}},{"start":{"line":112,"column":68},"end":{"line":112,"column":111}}],"line":112},"21":{"loc":{"start":{"line":125,"column":4},"end":{"line":127,"column":5}},"type":"if","locations":[{"start":{"line":125,"column":4},"end":{"line":127,"column":5}},{"start":{"line":125,"column":4},"end":{"line":127,"column":5}}],"line":125},"22":{"loc":{"start":{"line":128,"column":4},"end":{"line":130,"column":5}},"type":"if","locations":[{"start":{"line":128,"column":4},"end":{"line":130,"column":5}},{"start":{"line":128,"column":4},"end":{"line":130,"column":5}}],"line":128},"23":{"loc":{"start":{"line":128,"column":7},"end":{"line":128,"column":63}},"type":"binary-expr","locations":[{"start":{"line":128,"column":7},"end":{"line":128,"column":31}},{"start":{"line":128,"column":35},"end":{"line":128,"column":63}}],"line":128},"24":{"loc":{"start":{"line":131,"column":4},"end":{"line":133,"column":5}},"type":"if","locations":[{"start":{"line":131,"column":4},"end":{"line":133,"column":5}},{"start":{"line":131,"column":4},"end":{"line":133,"column":5}}],"line":131},"25":{"loc":{"start":{"line":136,"column":12},"end":{"line":139,"column":13}},"type":"if","locations":[{"start":{"line":136,"column":12},"end":{"line":139,"column":13}},{"start":{"line":136,"column":12},"end":{"line":139,"column":13}}],"line":136},"26":{"loc":{"start":{"line":142,"column":11},"end":{"line":142,"column":77}},"type":"cond-expr","locations":[{"start":{"line":142,"column":32},"end":{"line":142,"column":37}},{"start":{"line":142,"column":40},"end":{"line":142,"column":77}}],"line":142},"27":{"loc":{"start":{"line":149,"column":4},"end":{"line":151,"column":5}},"type":"if","locations":[{"start":{"line":149,"column":4},"end":{"line":151,"column":5}},{"start":{"line":149,"column":4},"end":{"line":151,"column":5}}],"line":149},"28":{"loc":{"start":{"line":177,"column":4},"end":{"line":179,"column":5}},"type":"if","locations":[{"start":{"line":177,"column":4},"end":{"line":179,"column":5}},{"start":{"line":177,"column":4},"end":{"line":179,"column":5}}],"line":177},"29":{"loc":{"start":{"line":177,"column":7},"end":{"line":177,"column":51}},"type":"binary-expr","locations":[{"start":{"line":177,"column":7},"end":{"line":177,"column":27}},{"start":{"line":177,"column":31},"end":{"line":177,"column":51}}],"line":177},"30":{"loc":{"start":{"line":180,"column":4},"end":{"line":182,"column":5}},"type":"if","locations":[{"start":{"line":180,"column":4},"end":{"line":182,"column":5}},{"start":{"line":180,"column":4},"end":{"line":182,"column":5}}],"line":180},"31":{"loc":{"start":{"line":185,"column":8},"end":{"line":237,"column":9}},"type":"if","locations":[{"start":{"line":185,"column":8},"end":{"line":237,"column":9}},{"start":{"line":185,"column":8},"end":{"line":237,"column":9}}],"line":185},"32":{"loc":{"start":{"line":186,"column":12},"end":{"line":236,"column":13}},"type":"if","locations":[{"start":{"line":186,"column":12},"end":{"line":236,"column":13}},{"start":{"line":186,"column":12},"end":{"line":236,"column":13}}],"line":186},"33":{"loc":{"start":{"line":187,"column":16},"end":{"line":212,"column":17}},"type":"if","locations":[{"start":{"line":187,"column":16},"end":{"line":212,"column":17}},{"start":{"line":187,"column":16},"end":{"line":212,"column":17}}],"line":187},"34":{"loc":{"start":{"line":215,"column":16},"end":{"line":234,"column":17}},"type":"if","locations":[{"start":{"line":215,"column":16},"end":{"line":234,"column":17}},{"start":{"line":215,"column":16},"end":{"line":234,"column":17}}],"line":215},"35":{"loc":{"start":{"line":239,"column":11},"end":{"line":239,"column":68}},"type":"cond-expr","locations":[{"start":{"line":239,"column":25},"end":{"line":239,"column":62}},{"start":{"line":239,"column":65},"end":{"line":239,"column":68}}],"line":239},"36":{"loc":{"start":{"line":276,"column":4},"end":{"line":287,"column":5}},"type":"if","locations":[{"start":{"line":276,"column":4},"end":{"line":287,"column":5}},{"start":{"line":276,"column":4},"end":{"line":287,"column":5}}],"line":276},"37":{"loc":{"start":{"line":283,"column":12},"end":{"line":285,"column":13}},"type":"if","locations":[{"start":{"line":283,"column":12},"end":{"line":285,"column":13}},{"start":{"line":283,"column":12},"end":{"line":285,"column":13}}],"line":283},"38":{"loc":{"start":{"line":289,"column":11},"end":{"line":289,"column":85}},"type":"cond-expr","locations":[{"start":{"line":289,"column":30},"end":{"line":289,"column":33}},{"start":{"line":289,"column":36},"end":{"line":289,"column":85}}],"line":289},"39":{"loc":{"start":{"line":300,"column":36},"end":{"line":300,"column":51}},"type":"cond-expr","locations":[{"start":{"line":300,"column":47},"end":{"line":300,"column":49}},{"start":{"line":300,"column":50},"end":{"line":300,"column":51}}],"line":300}},"s":{"0":1,"1":1,"2":1,"3":5,"4":1,"5":4,"6":1,"7":3,"8":27,"9":1,"10":2,"11":4,"12":1,"13":3,"14":1,"15":2,"16":2,"17":135,"18":135,"19":135,"20":4779,"21":91,"22":135,"23":91,"24":91,"25":91,"26":44,"27":2,"28":4,"29":1,"30":3,"31":1,"32":2,"33":44,"34":91,"35":62,"36":62,"37":62,"38":62,"39":2,"40":6,"41":1,"42":5,"43":2,"44":3,"45":1,"46":2,"47":1,"48":2,"49":44,"50":4,"51":4,"52":40,"53":40,"54":44,"55":35,"56":35,"57":35,"58":2,"59":5,"60":1,"61":4,"62":2,"63":2,"64":1,"65":1,"66":5,"67":9,"68":8,"69":8,"70":1,"71":4,"72":1,"73":3,"74":2,"75":1,"76":1,"77":1,"78":1,"79":8,"80":303,"81":1,"82":1,"83":4,"84":1,"85":3,"86":1,"87":2,"88":121,"89":3,"90":1,"91":1,"92":0,"93":2,"94":2,"95":0,"96":2,"97":2,"98":0,"99":0,"100":0,"101":0,"102":0,"103":0,"104":0,"105":0,"106":0,"107":0,"108":0,"109":0,"110":0,"111":0,"112":0,"113":0,"114":0,"115":0,"116":0,"117":0,"118":0,"119":0,"120":0,"121":0,"122":0,"123":0,"124":1},"f":{"0":5,"1":4,"2":4,"3":6,"4":5,"5":4,"6":2,"7":1,"8":1,"9":8,"10":303,"11":1,"12":4,"13":0,"14":0,"15":0,"16":0,"17":0,"18":0,"19":0,"20":0,"21":0,"22":0,"23":0,"24":0},"b":{"0":[1,4],"1":[1,3],"2":[1,26],"3":[1,3],"4":[1,2],"5":[91,4688],"6":[91,44],"7":[1,3],"8":[1,2],"9":[62,29],"10":[1,5],"11":[2,3],"12":[5,3],"13":[1,2],"14":[1,1],"15":[4,40],"16":[44,4,4],"17":[40,0],"18":[40,40,40],"19":[35,9],"20":[44,37],"21":[1,4],"22":[2,2],"23":[4,2],"24":[1,1],"25":[8,1],"26":[1,0],"27":[1,3],"28":[1,3],"29":[4,3],"30":[1,2],"31":[3,118],"32":[1,2],"33":[1,0],"34":[2,0],"35":[1,1],"36":[0,0],"37":[0,0],"38":[0,0],"39":[0,0]},"_coverageSchema":"332fd63041d2c1bcb487cc26dd0d5f7d97098a6c","hash":"997b319ec8edcf3cc3615e80db9c830e4747d357"}
}
