TN:
SF:/home/mirko/Scrivania/Uniroom/DarkPovoGang/Test/data.js
FNF:0
FNH:0
DA:1,1
DA:4,1
DA:7,1
DA:11,1
DA:13,1
DA:16,1
DA:19,1
DA:21,1
DA:23,1
LF:9
LH:9
BRF:0
BRH:0
end_of_record
TN:
SF:/home/mirko/Scrivania/Uniroom/DarkPovoGang/server/data.js
FNF:0
FNH:0
DA:1,1
DA:11,1
DA:21,1
LF:3
LH:3
BRF:0
BRH:0
end_of_record
TN:
SF:/home/mirko/Scrivania/Uniroom/DarkPovoGang/server/utilities.js
FN:5,inArray
FN:21,getRoomList
FN:68,cleanSchedule
FN:89,getFreeRooms
FN:124,cleanPastSchedule
FN:148,idRoomCode
FN:153,(anonymous_6)
FN:156,(anonymous_7)
FN:160,(anonymous_8)
FN:162,(anonymous_9)
FN:163,(anonymous_10)
FN:169,(anonymous_11)
FN:176,getRoomSchedule
FN:242,getDaySchedule
FN:247,(anonymous_14)
FN:249,(anonymous_15)
FN:252,(anonymous_16)
FN:254,(anonymous_17)
FN:257,(anonymous_18)
FN:264,(anonymous_19)
FN:268,(anonymous_20)
FN:274,getFreeRooms4xHours
FN:279,(anonymous_22)
FN:292,getNearestLocation
FN:297,getMonday
FNF:25
FNH:13
FNDA:5,inArray
FNDA:4,getRoomList
FNDA:4,cleanSchedule
FNDA:6,getFreeRooms
FNDA:5,cleanPastSchedule
FNDA:4,idRoomCode
FNDA:2,(anonymous_6)
FNDA:1,(anonymous_7)
FNDA:1,(anonymous_8)
FNDA:8,(anonymous_9)
FNDA:303,(anonymous_10)
FNDA:1,(anonymous_11)
FNDA:4,getRoomSchedule
FNDA:0,getDaySchedule
FNDA:0,(anonymous_14)
FNDA:0,(anonymous_15)
FNDA:0,(anonymous_16)
FNDA:0,(anonymous_17)
FNDA:0,(anonymous_18)
FNDA:0,(anonymous_19)
FNDA:0,(anonymous_20)
FNDA:0,getFreeRooms4xHours
FNDA:0,(anonymous_22)
FNDA:0,getNearestLocation
FNDA:0,getMonday
DA:1,1
DA:2,1
DA:3,1
DA:6,5
DA:7,1
DA:9,4
DA:10,1
DA:12,3
DA:14,27
DA:15,1
DA:17,2
DA:22,4
DA:23,1
DA:25,3
DA:26,1
DA:28,2
DA:29,2
DA:30,135
DA:40,135
DA:41,135
DA:42,4779
DA:43,91
DA:47,135
DA:48,91
DA:55,91
DA:56,91
DA:58,44
DA:62,2
DA:69,4
DA:70,1
DA:72,3
DA:73,1
DA:75,2
DA:76,44
DA:77,91
DA:78,62
DA:79,62
DA:80,62
DA:81,62
DA:85,2
DA:90,6
DA:91,1
DA:93,5
DA:94,2
DA:96,3
DA:97,1
DA:100,2
DA:101,1
DA:103,2
DA:104,44
DA:105,4
DA:106,4
DA:110,40
DA:111,40
DA:112,44
DA:113,35
DA:114,35
DA:115,35
DA:120,2
DA:125,5
DA:126,1
DA:128,4
DA:129,2
DA:131,2
DA:132,1
DA:134,1
DA:135,5
DA:136,9
DA:137,8
DA:138,8
DA:142,1
DA:149,4
DA:150,1
DA:152,3
DA:154,2
DA:157,1
DA:158,1
DA:161,1
DA:162,1
DA:163,8
DA:164,303
DA:167,1
DA:170,1
DA:177,4
DA:178,1
DA:180,3
DA:181,1
DA:184,2
DA:185,121
DA:186,3
DA:187,1
DA:188,1
DA:201,0
DA:215,2
DA:216,2
DA:226,0
DA:235,2
DA:239,2
DA:243,0
DA:245,0
DA:247,0
DA:248,0
DA:250,0
DA:253,0
DA:255,0
DA:258,0
DA:260,0
DA:262,0
DA:265,0
DA:269,0
DA:275,0
DA:276,0
DA:277,0
DA:279,0
DA:280,0
DA:281,0
DA:283,0
DA:284,0
DA:289,0
DA:293,0
DA:298,0
DA:299,0
DA:300,0
DA:301,0
DA:304,1
LF:125
LH:97
BRDA:6,0,0,1
BRDA:6,0,1,4
BRDA:9,1,0,1
BRDA:9,1,1,3
BRDA:14,2,0,1
BRDA:14,2,1,26
BRDA:22,3,0,1
BRDA:22,3,1,3
BRDA:25,4,0,1
BRDA:25,4,1,2
BRDA:42,5,0,91
BRDA:42,5,1,4688
BRDA:47,6,0,91
BRDA:47,6,1,44
BRDA:69,7,0,1
BRDA:69,7,1,3
BRDA:72,8,0,1
BRDA:72,8,1,2
BRDA:77,9,0,62
BRDA:77,9,1,29
BRDA:90,10,0,1
BRDA:90,10,1,5
BRDA:93,11,0,2
BRDA:93,11,1,3
BRDA:93,12,0,5
BRDA:93,12,1,3
BRDA:96,13,0,1
BRDA:96,13,1,2
BRDA:100,14,0,1
BRDA:100,14,1,1
BRDA:104,15,0,4
BRDA:104,15,1,40
BRDA:104,16,0,44
BRDA:104,16,1,4
BRDA:104,16,2,4
BRDA:110,17,0,40
BRDA:110,17,1,0
BRDA:110,18,0,40
BRDA:110,18,1,40
BRDA:110,18,2,40
BRDA:112,19,0,35
BRDA:112,19,1,9
BRDA:112,20,0,44
BRDA:112,20,1,37
BRDA:125,21,0,1
BRDA:125,21,1,4
BRDA:128,22,0,2
BRDA:128,22,1,2
BRDA:128,23,0,4
BRDA:128,23,1,2
BRDA:131,24,0,1
BRDA:131,24,1,1
BRDA:136,25,0,8
BRDA:136,25,1,1
BRDA:142,26,0,1
BRDA:142,26,1,0
BRDA:149,27,0,1
BRDA:149,27,1,3
BRDA:177,28,0,1
BRDA:177,28,1,3
BRDA:177,29,0,4
BRDA:177,29,1,3
BRDA:180,30,0,1
BRDA:180,30,1,2
BRDA:185,31,0,3
BRDA:185,31,1,118
BRDA:186,32,0,1
BRDA:186,32,1,2
BRDA:187,33,0,1
BRDA:187,33,1,0
BRDA:215,34,0,2
BRDA:215,34,1,0
BRDA:239,35,0,1
BRDA:239,35,1,1
BRDA:276,36,0,0
BRDA:276,36,1,0
BRDA:283,37,0,0
BRDA:283,37,1,0
BRDA:289,38,0,0
BRDA:289,38,1,0
BRDA:300,39,0,0
BRDA:300,39,1,0
BRF:82
BRH:70
end_of_record
